{
  "/Users/zhangtao25/draft/webpack-babel-ts/build/main.js": {
    "path": "/Users/zhangtao25/draft/webpack-babel-ts/build/main.js",
    "statementMap": {
      "0": {
        "start": {
          "line": 2,
          "column": 0
        },
        "end": {
          "line": 2,
          "column": 62
        }
      },
      "1": {
        "start": {
          "line": 3,
          "column": 17
        },
        "end": {
          "line": 3,
          "column": 36
        }
      },
      "2": {
        "start": {
          "line": 6,
          "column": 8
        },
        "end": {
          "line": 6,
          "column": 36
        }
      },
      "3": {
        "start": {
          "line": 9,
          "column": 0
        },
        "end": {
          "line": 9,
          "column": 24
        }
      },
      "4": {
        "start": {
          "line": 10,
          "column": 0
        },
        "end": {
          "line": 10,
          "column": 22
        }
      }
    },
    "fnMap": {
      "0": {
        "name": "(anonymous_0)",
        "decl": {
          "start": {
            "line": 5,
            "column": 4
          },
          "end": {
            "line": 5,
            "column": 5
          }
        },
        "loc": {
          "start": {
            "line": 5,
            "column": 15
          },
          "end": {
            "line": 7,
            "column": 5
          }
        },
        "line": 5
      }
    },
    "branchMap": {},
    "s": {
      "0": 1,
      "1": 1,
      "2": 1,
      "3": 1,
      "4": 1
    },
    "f": {
      "0": 1
    },
    "b": {},
    "inputSourceMap": {
      "version": 3,
      "file": "main.js",
      "sourceRoot": "",
      "sources": [
        "../src/main.ts"
      ],
      "names": [],
      "mappings": ";;AAAA,qCAA6B;AAE7B,MAAM,IAAI;IACR,QAAQ;QACN,OAAO,CAAC,GAAG,CAAC,cAAc,CAAC,CAAC;IAC9B,CAAC;CACF;AAED,IAAA,YAAG,EAAC,CAAC,EAAE,CAAC,CAAC,CAAC;AAEV,IAAI,IAAI,EAAE,CAAC,QAAQ,EAAE,CAAC"
    },
    "_coverageSchema": "1a1c01bbd47fc00a2c39e90264f33305004495a9",
    "hash": "67188a96fae6d51a7ac06f2c1aff69a1b9674308"
  },
  "/Users/zhangtao25/draft/webpack-babel-ts/build/helper.js": {
    "path": "/Users/zhangtao25/draft/webpack-babel-ts/build/helper.js",
    "statementMap": {
      "0": {
        "start": {
          "line": 2,
          "column": 0
        },
        "end": {
          "line": 2,
          "column": 62
        }
      },
      "1": {
        "start": {
          "line": 3,
          "column": 0
        },
        "end": {
          "line": 3,
          "column": 18
        }
      },
      "2": {
        "start": {
          "line": 5,
          "column": 4
        },
        "end": {
          "line": 7,
          "column": 5
        }
      },
      "3": {
        "start": {
          "line": 6,
          "column": 8
        },
        "end": {
          "line": 6,
          "column": 21
        }
      },
      "4": {
        "start": {
          "line": 8,
          "column": 4
        },
        "end": {
          "line": 8,
          "column": 17
        }
      }
    },
    "fnMap": {
      "0": {
        "name": "add",
        "decl": {
          "start": {
            "line": 4,
            "column": 9
          },
          "end": {
            "line": 4,
            "column": 12
          }
        },
        "loc": {
          "start": {
            "line": 4,
            "column": 19
          },
          "end": {
            "line": 9,
            "column": 1
          }
        },
        "line": 4
      }
    },
    "branchMap": {
      "0": {
        "loc": {
          "start": {
            "line": 5,
            "column": 4
          },
          "end": {
            "line": 7,
            "column": 5
          }
        },
        "type": "if",
        "locations": [
          {
            "start": {
              "line": 5,
              "column": 4
            },
            "end": {
              "line": 7,
              "column": 5
            }
          },
          {
            "start": {},
            "end": {}
          }
        ],
        "line": 5
      }
    },
    "s": {
      "0": 1,
      "1": 1,
      "2": 1,
      "3": 1,
      "4": 0
    },
    "f": {
      "0": 1
    },
    "b": {
      "0": [
        1,
        0
      ]
    },
    "inputSourceMap": {
      "version": 3,
      "file": "helper.js",
      "sourceRoot": "",
      "sources": [
        "../src/helper.ts"
      ],
      "names": [],
      "mappings": ";;AAAA,kBAKC;AALD,SAAgB,GAAG,CAAC,CAAQ,EAAC,CAAQ;IACjC,IAAI,CAAC,GAAC,CAAC,EAAC,CAAC;QACL,OAAO,CAAC,GAAC,CAAC,CAAC;IACf,CAAC;IACD,OAAO,CAAC,GAAC,CAAC,CAAC;AACf,CAAC"
    },
    "_coverageSchema": "1a1c01bbd47fc00a2c39e90264f33305004495a9",
    "hash": "1ebfcd961768b180c9ca1eb51bd2e27b3f5d550f"
  }
}