{
  "/Users/travzhang/github.com/canyon-project/canyon/playground/hard-merge/pulls/1/commits/0003/repo/src/add.js": {
    "path": "/Users/travzhang/github.com/canyon-project/canyon/playground/hard-merge/pulls/1/commits/0003/repo/src/add.js",
    "statementMap": {
      "0": {
        "start": {
          "line": 2,
          "column": 2
        },
        "end": {
          "line": 5,
          "column": 3
        }
      },
      "1": {
        "start": {
          "line": 4,
          "column": 4
        },
        "end": {
          "line": 4,
          "column": 40
        }
      },
      "2": {
        "start": {
          "line": 6,
          "column": 2
        },
        "end": {
          "line": 6,
          "column": 24
        }
      },
      "3": {
        "start": {
          "line": 6,
          "column": 15
        },
        "end": {
          "line": 6,
          "column": 24
        }
      },
      "4": {
        "start": {
          "line": 7,
          "column": 2
        },
        "end": {
          "line": 7,
          "column": 15
        }
      },
      "5": {
        "start": {
          "line": 11,
          "column": 2
        },
        "end": {
          "line": 11,
          "column": 15
        }
      },
      "6": {
        "start": {
          "line": 15,
          "column": 2
        },
        "end": {
          "line": 15,
          "column": 52
        }
      },
      "7": {
        "start": {
          "line": 15,
          "column": 34
        },
        "end": {
          "line": 15,
          "column": 47
        }
      }
    },
    "fnMap": {
      "0": {
        "name": "add",
        "decl": {
          "start": {
            "line": 1,
            "column": 16
          },
          "end": {
            "line": 1,
            "column": 19
          }
        },
        "loc": {
          "start": {
            "line": 1,
            "column": 26
          },
          "end": {
            "line": 8,
            "column": 1
          }
        }
      },
      "1": {
        "name": "inc",
        "decl": {
          "start": {
            "line": 10,
            "column": 16
          },
          "end": {
            "line": 10,
            "column": 19
          }
        },
        "loc": {
          "start": {
            "line": 10,
            "column": 23
          },
          "end": {
            "line": 12,
            "column": 1
          }
        }
      },
      "2": {
        "name": "sum",
        "decl": {
          "start": {
            "line": 14,
            "column": 16
          },
          "end": {
            "line": 14,
            "column": 19
          }
        },
        "loc": {
          "start": {
            "line": 14,
            "column": 25
          },
          "end": {
            "line": 16,
            "column": 1
          }
        }
      },
      "3": {
        "name": "(anonymous_3)",
        "decl": {
          "start": {
            "line": 15,
            "column": 20
          },
          "end": {
            "line": 15,
            "column": 21
          }
        },
        "loc": {
          "start": {
            "line": 15,
            "column": 34
          },
          "end": {
            "line": 15,
            "column": 47
          }
        }
      }
    },
    "branchMap": {
      "0": {
        "loc": {
          "start": {
            "line": 2,
            "column": 2
          },
          "end": {
            "line": 5,
            "column": 3
          }
        },
        "type": "if",
        "locations": [
          {
            "start": {
              "line": 2,
              "column": 2
            },
            "end": {
              "line": 5,
              "column": 3
            }
          },
          {
            "start": {
              "line": 2,
              "column": 2
            },
            "end": {
              "line": 5,
              "column": 3
            }
          }
        ]
      },
      "1": {
        "loc": {
          "start": {
            "line": 2,
            "column": 6
          },
          "end": {
            "line": 2,
            "column": 20
          }
        },
        "type": "binary-expr",
        "locations": [
          {
            "start": {
              "line": 2,
              "column": 6
            },
            "end": {
              "line": 2,
              "column": 11
            }
          },
          {
            "start": {
              "line": 2,
              "column": 15
            },
            "end": {
              "line": 2,
              "column": 20
            }
          }
        ]
      },
      "2": {
        "loc": {
          "start": {
            "line": 6,
            "column": 2
          },
          "end": {
            "line": 6,
            "column": 24
          }
        },
        "type": "if",
        "locations": [
          {
            "start": {
              "line": 6,
              "column": 2
            },
            "end": {
              "line": 6,
              "column": 24
            }
          },
          {
            "start": {
              "line": 6,
              "column": 2
            },
            "end": {
              "line": 6,
              "column": 24
            }
          }
        ]
      }
    },
    "s": {
      "0": 5,
      "1": 1,
      "2": 4,
      "3": 2,
      "4": 2,
      "5": 0,
      "6": 1,
      "7": 3
    },
    "f": {
      "0": 5,
      "1": 0,
      "2": 1,
      "3": 3
    },
    "b": {
      "0": [
        1,
        4
      ],
      "1": [
        5,
        1
      ],
      "2": [
        2,
        2
      ]
    }
  },
  "/Users/travzhang/github.com/canyon-project/canyon/playground/hard-merge/pulls/1/commits/0003/repo/src/index.js": {
    "path": "/Users/travzhang/github.com/canyon-project/canyon/playground/hard-merge/pulls/1/commits/0003/repo/src/index.js",
    "statementMap": {
      "0": {
        "start": {
          "line": 4,
          "column": 2
        },
        "end": {
          "line": 4,
          "column": 38
        }
      }
    },
    "fnMap": {
      "0": {
        "name": "run",
        "decl": {
          "start": {
            "line": 3,
            "column": 16
          },
          "end": {
            "line": 3,
            "column": 19
          }
        },
        "loc": {
          "start": {
            "line": 3,
            "column": 22
          },
          "end": {
            "line": 5,
            "column": 1
          }
        }
      }
    },
    "branchMap": {},
    "s": {
      "0": 0
    },
    "f": {
      "0": 0
    },
    "b": {}
  }
}